Build started 27.01.2016 21:19:59.
     1>Project "C:\Users\Paweł\Desktop\roznice_ksztaltow\OpenCVProject2\OpenCVProject2.vcxproj" on node 2 (Build target(s)).
     1>ClCompile:
         C:\Program Files (x86)\Microsoft Visual Studio 12.0\VC\bin\x86_amd64\CL.exe /c /IC:\OpenCV4VS\include /Zi /nologo /W3 /WX- /sdl /O2 /Oi /GL /D _MBCS /Gm- /EHsc /MD /GS /Gy /fp:precise /Zc:wchar_t /Zc:forScope /Fo"x64\Release\\" /Fd"x64\Release\vc120.pdb" /Gd /TP /errorReport:prompt main.cpp
         main.cpp
     1>main.cpp(33): warning C4244: "argument" : konwersja z "int" do "float", możliwa utrata danych
     1>main.cpp(34): warning C4244: "argument" : konwersja z "int" do "float", możliwa utrata danych
     1>main.cpp(35): warning C4244: "argument" : konwersja z "int" do "float", możliwa utrata danych
     1>main.cpp(38): warning C4244: "argument" : konwersja z "int" do "float", możliwa utrata danych
     1>main.cpp(39): warning C4244: "argument" : konwersja z "int" do "float", możliwa utrata danych
     1>main.cpp(41): warning C4244: "argument" : konwersja z "int" do "float", możliwa utrata danych
     1>main.cpp(42): warning C4244: "argument" : konwersja z "int" do "float", możliwa utrata danych
     1>main.cpp(47): warning C4244: "argument" : konwersja z "int" do "float", możliwa utrata danych
     1>main.cpp(76): warning C4244: "argument" : konwersja z "double" do "float", możliwa utrata danych
     1>main.cpp(94): warning C4244: "argument" : konwersja z "double" do "float", możliwa utrata danych
     1>main.cpp(112): warning C4244: "argument" : konwersja z "double" do "float", możliwa utrata danych
     1>main.cpp(242): warning C4244: "argument" : konwersja z "double" do "float", możliwa utrata danych
     1>main.cpp(258): warning C4244: "=" : konwersja z "double" do "int", możliwa utrata danych
     1>main.cpp(278): warning C4244: "argument" : konwersja z "int" do "float", możliwa utrata danych
     1>main.cpp(278): warning C4244: "argument" : konwersja z "double" do "int", możliwa utrata danych
     1>main.cpp(357): warning C4244: "inicjowanie" : konwersja z "int" do "float", możliwa utrata danych
     1>main.cpp(387): warning C4244: "=" : konwersja z "int" do "float", możliwa utrata danych
     1>main.cpp(388): warning C4244: "=" : konwersja z "int" do "float", możliwa utrata danych
     1>main.cpp(525): warning C4244: "=" : konwersja z "int" do "float", możliwa utrata danych
     1>main.cpp(526): warning C4244: "=" : konwersja z "int" do "float", możliwa utrata danych
     1>main.cpp(623): warning C4244: "argument" : konwersja z "int" do "float", możliwa utrata danych
     1>main.cpp(625): warning C4244: "argument" : konwersja z "int" do "float", możliwa utrata danych
     1>main.cpp(626): warning C4244: "argument" : konwersja z "int" do "float", możliwa utrata danych
     1>main.cpp(988): warning C4267: "=" : konwersja z "size_t" do "int", możliwa utrata danych
     1>main.cpp(193): warning C4101: "s" : lokalna zmienna, do której nie istnieje odwołanie
     1>main.cpp(399): warning C4101: "lewo0" : lokalna zmienna, do której nie istnieje odwołanie
     1>main.cpp(399): warning C4101: "lewo3" : lokalna zmienna, do której nie istnieje odwołanie
     1>main.cpp(399): warning C4101: "lewo1" : lokalna zmienna, do której nie istnieje odwołanie
     1>main.cpp(400): warning C4101: "prawo2" : lokalna zmienna, do której nie istnieje odwołanie
     1>main.cpp(400): warning C4101: "prawo0" : lokalna zmienna, do której nie istnieje odwołanie
     1>main.cpp(399): warning C4101: "lewo2" : lokalna zmienna, do której nie istnieje odwołanie
     1>main.cpp(400): warning C4101: "prawo1" : lokalna zmienna, do której nie istnieje odwołanie
     1>main.cpp(400): warning C4101: "prawo3" : lokalna zmienna, do której nie istnieje odwołanie
       Link:
         C:\Program Files (x86)\Microsoft Visual Studio 12.0\VC\bin\x86_amd64\link.exe /ERRORREPORT:PROMPT /OUT:"C:\Users\Paweł\Desktop\roznice_ksztaltow\x64\Release\OpenCVProject2.exe" /NOLOGO /LIBPATH:C:\OpenCV4VS\lib kernel32.lib user32.lib gdi32.lib winspool.lib comdlg32.lib advapi32.lib shell32.lib ole32.lib oleaut32.lib uuid.lib odbc32.lib odbccp32.lib kernel32.lib user32.lib gdi32.lib winspool.lib comdlg32.lib advapi32.lib shell32.lib ole32.lib oleaut32.lib uuid.lib odbc32.lib odbccp32.lib StatTimer.lib clBLAS.lib clFFT.lib opencv_calib3d300.lib opencv_core300.lib opencv_cuda300.lib opencv_cudaarithm300.lib opencv_cudabgsegm300.lib opencv_cudacodec300.lib opencv_cudafeatures2d300.lib opencv_cudafilters300.lib opencv_cudaimgproc300.lib opencv_cudalegacy300.lib opencv_cudaoptflow300.lib opencv_cudastereo300.lib opencv_cudawarping300.lib opencv_cudev300.lib opencv_features2d300.lib opencv_flann300.lib opencv_highgui300.lib opencv_imgcodecs300.lib opencv_imgproc300.lib opencv_ml300.lib opencv_objdetect300.lib opencv_photo300.lib opencv_shape300.lib opencv_stitching300.lib opencv_superres300.lib opencv_ts300.lib opencv_video300.lib opencv_videoio300.lib opencv_videostab300.lib opengl32.lib glu32.lib /MANIFEST /MANIFESTUAC:"level='asInvoker' uiAccess='false'" /manifest:embed /DEBUG /PDB:"C:\Users\Paweł\Desktop\roznice_ksztaltow\x64\Release\OpenCVProject2.pdb" /OPT:REF /OPT:ICF /LTCG /TLBID:1 /DYNAMICBASE /NXCOMPAT /IMPLIB:"C:\Users\Paweł\Desktop\roznice_ksztaltow\x64\Release\OpenCVProject2.lib" /MACHINE:X64 x64\Release\main.obj
         Generating code
         Finished generating code
         OpenCVProject2.vcxproj -> C:\Users\Paweł\Desktop\roznice_ksztaltow\x64\Release\OpenCVProject2.exe
     1>Done Building Project "C:\Users\Paweł\Desktop\roznice_ksztaltow\OpenCVProject2\OpenCVProject2.vcxproj" (Build target(s)).

Build succeeded.

Time Elapsed 00:00:06.04
